<?xml version="1.0" encoding="UTF-8"?>
<testng-results skipped="0" failed="0" ignored="0" total="1" passed="1">
  <reporter-output>
  </reporter-output>
  <suite name="SecondSuite" duration-ms="19249" started-at="2020-01-23T05:25:51Z" finished-at="2020-01-23T05:26:10Z">
    <groups>
    </groups>
    <test name="SecondTest" duration-ms="19249" started-at="2020-01-23T05:25:51Z" finished-at="2020-01-23T05:26:10Z">
      <class name="secondTest.SecondTest">
        <test-method status="PASS" signature="validateFirstTest()[pri:0, instance:secondTest.SecondTest@4b44655e]" name="validateFirstTest" duration-ms="19209" started-at="2020-01-23T10:55:51Z" finished-at="2020-01-23T10:56:10Z">
          <reporter-output>
          </reporter-output>
        </test-method> <!-- validateFirstTest -->
      </class> <!-- secondTest.SecondTest -->
    </test> <!-- SecondTest -->
  </suite> <!-- SecondSuite -->
</testng-results>
