<?xml version="1.0" encoding="UTF-8"?>
<testng-results skipped="0" failed="0" ignored="0" total="2" passed="2">
  <reporter-output>
  </reporter-output>
  <suite name="All File Suite" duration-ms="39178" started-at="2020-01-23T10:49:22 IST" finished-at="2020-01-23T10:50:01 IST">
    <groups>
    </groups>
    <test name="All Test" duration-ms="39178" started-at="2020-01-23T10:49:22 IST" finished-at="2020-01-23T10:50:01 IST">
      <class name="secondTest.SecondTest">
        <test-method status="PASS" signature="validateFirstTest()[pri:0, instance:secondTest.SecondTest@7ba18f1b]" name="validateFirstTest" duration-ms="18818" started-at="2020-01-23T10:49:22 IST" finished-at="2020-01-23T10:49:41 IST">
          <reporter-output>
          </reporter-output>
        </test-method> <!-- validateFirstTest -->
      </class> <!-- secondTest.SecondTest -->
      <class name="firstTest.FirstTest">
        <test-method status="PASS" signature="validateFirstTest()[pri:0, instance:firstTest.FirstTest@2f8f5f62]" name="validateFirstTest" duration-ms="20294" started-at="2020-01-23T10:49:41 IST" finished-at="2020-01-23T10:50:01 IST">
          <reporter-output>
          </reporter-output>
        </test-method> <!-- validateFirstTest -->
      </class> <!-- firstTest.FirstTest -->
    </test> <!-- All Test -->
  </suite> <!-- All File Suite -->
</testng-results>
